This is pdfTeX, Version 3.14159265-2.6-1.40.20 (MiKTeX 2.9.6960 64-bit) (preloaded format=pdflatex 2019.3.6)  9 MAY 2019 19:11
entering extended mode
**./Propuesta.tex
(Propuesta.tex
LaTeX2e <2018-12-01>

("C:\Users\Apartacho\AppData\Local\Programs\MiKTeX 2.9\tex/latex/base\article.c
ls"
Document Class: article 2018/09/03 v1.4i Standard LaTeX document class

("C:\Users\Apartacho\AppData\Local\Programs\MiKTeX 2.9\tex/latex/base\size12.cl
o"
File: size12.clo 2018/09/03 v1.4i Standard LaTeX file (size option)
)
\c@part=\count80
\c@section=\count81
\c@subsection=\count82
\c@subsubsection=\count83
\c@paragraph=\count84
\c@subparagraph=\count85
\c@figure=\count86
\c@table=\count87
\abovecaptionskip=\skip41
\belowcaptionskip=\skip42
\bibindent=\dimen102
)
("C:\Users\Apartacho\AppData\Local\Programs\MiKTeX 2.9\tex/latex/base\inputenc.
sty"
Package: inputenc 2018/08/11 v1.3c Input encoding file
\inpenc@prehook=\toks14
\inpenc@posthook=\toks15
)
("C:\Users\Apartacho\AppData\Local\Programs\MiKTeX 2.9\tex/latex/amsmath\amsmat
h.sty"
Package: amsmath 2018/12/01 v2.17b AMS math features
\@mathmargin=\skip43

For additional information on amsmath, use the `?' option.

("C:\Users\Apartacho\AppData\Local\Programs\MiKTeX 2.9\tex/latex/amsmath\amstex
t.sty"
Package: amstext 2000/06/29 v2.01 AMS text

("C:\Users\Apartacho\AppData\Local\Programs\MiKTeX 2.9\tex/latex/amsmath\amsgen
.sty"
File: amsgen.sty 1999/11/30 v2.0 generic functions
\@emptytoks=\toks16
\ex@=\dimen103
))
("C:\Users\Apartacho\AppData\Local\Programs\MiKTeX 2.9\tex/latex/amsmath\amsbsy
.sty"
Package: amsbsy 1999/11/29 v1.2d Bold Symbols
\pmbraise@=\dimen104
)
("C:\Users\Apartacho\AppData\Local\Programs\MiKTeX 2.9\tex/latex/amsmath\amsopn
.sty"
Package: amsopn 2016/03/08 v2.02 operator names
)
\inf@bad=\count88
LaTeX Info: Redefining \frac on input line 223.
\uproot@=\count89
\leftroot@=\count90
LaTeX Info: Redefining \overline on input line 385.
\classnum@=\count91
\DOTSCASE@=\count92
LaTeX Info: Redefining \ldots on input line 482.
LaTeX Info: Redefining \dots on input line 485.
LaTeX Info: Redefining \cdots on input line 606.
\Mathstrutbox@=\box27
\strutbox@=\box28
\big@size=\dimen105
LaTeX Font Info:    Redeclaring font encoding OML on input line 729.
LaTeX Font Info:    Redeclaring font encoding OMS on input line 730.
\macc@depth=\count93
\c@MaxMatrixCols=\count94
\dotsspace@=\muskip10
\c@parentequation=\count95
\dspbrk@lvl=\count96
\tag@help=\toks17
\row@=\count97
\column@=\count98
\maxfields@=\count99
\andhelp@=\toks18
\eqnshift@=\dimen106
\alignsep@=\dimen107
\tagshift@=\dimen108
\tagwidth@=\dimen109
\totwidth@=\dimen110
\lineht@=\dimen111
\@envbody=\toks19
\multlinegap=\skip44
\multlinetaggap=\skip45
\mathdisplay@stack=\toks20
LaTeX Info: Redefining \[ on input line 2844.
LaTeX Info: Redefining \] on input line 2845.
)
("C:\Users\Apartacho\AppData\Local\Programs\MiKTeX 2.9\tex/latex/amsfonts\amsfo
nts.sty"
Package: amsfonts 2013/01/14 v3.01 Basic AMSFonts support
\symAMSa=\mathgroup4
\symAMSb=\mathgroup5
LaTeX Font Info:    Overwriting math alphabet `\mathfrak' in version `bold'
(Font)                  U/euf/m/n --> U/euf/b/n on input line 106.
)
("C:\Users\Apartacho\AppData\Local\Programs\MiKTeX 2.9\tex/latex/amsfonts\amssy
mb.sty"
Package: amssymb 2013/01/14 v3.01 AMS font symbols
)
("C:\Users\Apartacho\Documents\Cosas Mao\EducAR\Documentación\build\Propuesta.
aux")
\openout1 = `Propuesta.aux'.

LaTeX Font Info:    Checking defaults for OML/cmm/m/it on input line 8.
LaTeX Font Info:    ... okay on input line 8.
LaTeX Font Info:    Checking defaults for T1/cmr/m/n on input line 8.
LaTeX Font Info:    ... okay on input line 8.
LaTeX Font Info:    Checking defaults for OT1/cmr/m/n on input line 8.
LaTeX Font Info:    ... okay on input line 8.
LaTeX Font Info:    Checking defaults for OMS/cmsy/m/n on input line 8.
LaTeX Font Info:    ... okay on input line 8.
LaTeX Font Info:    Checking defaults for OMX/cmex/m/n on input line 8.
LaTeX Font Info:    ... okay on input line 8.
LaTeX Font Info:    Checking defaults for U/cmr/m/n on input line 8.
LaTeX Font Info:    ... okay on input line 8.
LaTeX Font Info:    Try loading font information for U+msa on input line 9.

("C:\Users\Apartacho\AppData\Local\Programs\MiKTeX 2.9\tex/latex/amsfonts\umsa.
fd"
File: umsa.fd 2013/01/14 v3.01 AMS symbols A
)
LaTeX Font Info:    Try loading font information for U+msb on input line 9.

("C:\Users\Apartacho\AppData\Local\Programs\MiKTeX 2.9\tex/latex/amsfonts\umsb.
fd"
File: umsb.fd 2013/01/14 v3.01 AMS symbols B
)
Overfull \hbox (38.15974pt too wide) in paragraph at lines 11--11
\OT1/cmr/m/it/10 https://aprende.colombiaaprende.edu.co/ckfinder/userfiles/file
s/DBA0%20Transici%C3%B3n.pdf]| 
 []


Underfull \hbox (badness 10000) in paragraph at lines 11--12

 []


Underfull \hbox (badness 10000) in paragraph at lines 13--14

 []


Underfull \hbox (badness 10000) in paragraph at lines 15--16

 []

[1

{C:/Users/Apartacho/AppData/Local/MiKTeX/2.9/pdftex/config/pdftex.map}]
LaTeX Font Info:    Try loading font information for OMS+cmr on input line 20.

("C:\Users\Apartacho\AppData\Local\Programs\MiKTeX 2.9\tex/latex/base\omscmr.fd
"
File: omscmr.fd 2014/09/29 v2.5h Standard LaTeX font definitions
)
LaTeX Font Info:    Font shape `OMS/cmr/m/n' in size <12> not available
(Font)              Font shape `OMS/cmsy/m/n' tried instead on input line 20.

Overfull \hbox (36.79134pt too wide) in paragraph at lines 27--29
[]
 []


Underfull \hbox (badness 10000) in paragraph at lines 27--29

 []


Overfull \hbox (36.79134pt too wide) in paragraph at lines 31--33
[]
 []


Underfull \hbox (badness 10000) in paragraph at lines 31--33

 []


Overfull \hbox (36.79134pt too wide) in paragraph at lines 35--37
[]
 []


Underfull \hbox (badness 10000) in paragraph at lines 35--37

 []

[2]
Overfull \hbox (36.79134pt too wide) in paragraph at lines 39--42
[]
 []


Underfull \hbox (badness 10000) in paragraph at lines 39--42

 []


Overfull \hbox (36.79134pt too wide) in paragraph at lines 44--46
[]
 []


Overfull \hbox (5.16994pt too wide) in paragraph at lines 44--46
\OT1/cmr/m/n/12 Con materas cur-sadas a lo largo de nues-tra car-rera uni-ver
-si-taria como \OT1/cmr/bx/n/12 Apren-
 []


Underfull \hbox (badness 10000) in paragraph at lines 44--46

 []


Overfull \hbox (36.79134pt too wide) in paragraph at lines 48--51
[]
 []


Overfull \hbox (36.79134pt too wide) in paragraph at lines 54--56
[]
 []

[3]
Overfull \hbox (36.79134pt too wide) in paragraph at lines 61--63
[]
 []


Underfull \hbox (badness 10000) in paragraph at lines 61--63

 []


Overfull \hbox (36.79134pt too wide) in paragraph at lines 65--66
[] 
 []

[4] [5]
("C:\Users\Apartacho\Documents\Cosas Mao\EducAR\Documentación\build\Propuesta.
aux") ) 
Here is how much of TeX's memory you used:
 1191 strings out of 492946
 14712 string characters out of 3124491
 75631 words of memory out of 3000000
 5117 multiletter control sequences out of 15000+200000
 13741 words of font info for 53 fonts, out of 3000000 for 9000
 1141 hyphenation exceptions out of 8191
 27i,8n,25p,593b,190s stack positions out of 5000i,500n,10000p,200000b,50000s
<C:/Users/Apartacho/AppData/Local/Programs/MiKTeX 2.9/fonts/type1/public
/amsfonts/cm/cmbx12.pfb><C:/Users/Apartacho/AppData/Local/Programs/MiKTeX 2.9/f
onts/type1/public/amsfonts/cm/cmr10.pfb><C:/Users/Apartacho/AppData/Local/Progr
ams/MiKTeX 2.9/fonts/type1/public/amsfonts/cm/cmr12.pfb><C:/Users/Apartacho/App
Data/Local/Programs/MiKTeX 2.9/fonts/type1/public/amsfonts/cm/cmr17.pfb><C:/Use
rs/Apartacho/AppData/Local/Programs/MiKTeX 2.9/fonts/type1/public/amsfonts/cm/c
mr7.pfb><C:/Users/Apartacho/AppData/Local/Programs/MiKTeX 2.9/fonts/type1/publi
c/amsfonts/cm/cmr8.pfb><C:/Users/Apartacho/AppData/Local/Programs/MiKTeX 2.9/fo
nts/type1/public/amsfonts/cm/cmsy10.pfb><C:/Users/Apartacho/AppData/Local/Progr
ams/MiKTeX 2.9/fonts/type1/public/amsfonts/cm/cmti10.pfb><C:/Users/Apartacho/Ap
pData/Local/Programs/MiKTeX 2.9/fonts/type1/public/amsfonts/cm/cmti12.pfb>
Output written on "C:\Users\Apartacho\Documents\Cosas Mao\EducAR\Documentación
\build\Propuesta.pdf" (5 pages, 120166 bytes).
PDF statistics:
 54 PDF objects out of 1000 (max. 8388607)
 0 named destinations out of 1000 (max. 500000)
 1 words of extra memory for PDF output out of 10000 (max. 10000000)

